<?xml version="1.0" encoding="UTF-8"?>
<!-- Generated by org.testng.reporters.JUnitXMLReporter -->
<testsuite ignored="0" hostname="MyLaptop" failures="1" tests="1" name="BankingApp Test" time="9.165" errors="0" timestamp="2021-12-29T20:57:21 EST">
  <testcase classname="com.inetbanking.testcases.TC_LoginTest_01" name="loginTest" time="6.444">
    <failure type="java.lang.AssertionError" message="expected [true] but found [false]">
      <![CDATA[java.lang.AssertionError: expected [true] but found [false]
at com.inetbanking.testcases.TC_LoginTest_01.loginTest(TC_LoginTest_01.java:34)
at java.base/java.util.ArrayList.forEach(ArrayList.java:1511)
... Removed 31 stack frames]]>
    </failure>
  </testcase> <!-- loginTest -->
</testsuite> <!-- BankingApp Test -->
